<?xml version="1.0" encoding="UTF-8"?>
<!-- Generated by org.testng.reporters.JUnitReportReporter -->
<testsuite hostname="DESKTOP-PNTL175" failures="0" tests="3" name="com.MyStore.testCases.TC_MyAccountPageTestDataDrivenTesting" time="92.778" errors="0" timestamp="2022-10-19T08:22:06 PDT" skipped="1">
  <testcase classname="com.MyStore.testCases.TC_MyAccountPageTestDataDrivenTesting" name="verifyLogin" time="38.972"/>
  <system-out/>
  <testcase classname="com.MyStore.testCases.TC_MyAccountPageTestDataDrivenTesting" name="verifyLogin" time="53.806"/>
  <system-out/>
  <testcase classname="com.MyStore.testCases.TC_MyAccountPageTestDataDrivenTesting" name="verifyRegistrationAndLogin">
    <skipped/>
  </testcase> <!-- verifyRegistrationAndLogin -->
  <system-out/>
</testsuite> <!-- com.MyStore.testCases.TC_MyAccountPageTestDataDrivenTesting -->
