<?xml version="1.0" encoding="UTF-8"?>
<!-- Generated by org.testng.reporters.JUnitReportReporter -->
<testsuite hostname="DESKTOP-PNTL175" failures="0" tests="2" name="com.MyStore.testCases.TC_ProductPageTest" time="96.983" errors="0" timestamp="2022-10-21T09:27:40 PDT" skipped="0">
  <testcase classname="com.MyStore.testCases.TC_ProductPageTest" name="verifyBuyProduct" time="73.978"/>
  <system-out/>
  <testcase classname="com.MyStore.testCases.TC_ProductPageTest" name="verifySearchProduct" time="23.005"/>
  <system-out/>
</testsuite> <!-- com.MyStore.testCases.TC_ProductPageTest -->
